<?xml version="1.0" encoding="UTF-8"?>
<testsuite name="laba1test.MedcineTest" tests="3" skipped="0" failures="0" errors="0" timestamp="2022-11-05T09:46:57" hostname="MacBook-Pro-Glib.local" time="0.011">
  <properties/>
  <testcase name="medicineEqualsTest[0](Laykozut | Unisec | Germany | 125.0 | 5, Laykozut | Unisec | Germany | 125.0 | 5)" classname="laba1test.MedcineTest" time="0.007"/>
  <testcase name="medicineNotEqualsTest[0](Laykozut | Unisec | Germany | 125.0 | 5, Redflik |   |   | 0.0 | 8)" classname="laba1test.MedcineTest" time="0.0"/>
  <testcase name="medicineToStringTest[0](Laykozut | Unisec | Germany | 125.0 | 5, Laykozut | Unisec | Germany | 125.0 | 5)" classname="laba1test.MedcineTest" time="0.0"/>
  <system-out><![CDATA[]]></system-out>
  <system-err><![CDATA[]]></system-err>
</testsuite>
